{"/Users/zane/playground/magic-print/src/lib/assign-if-defined.mjs": {"path":"/Users/zane/playground/magic-print/src/lib/assign-if-defined.mjs","statementMap":{"0":{"start":{"line":1,"column":21},"end":{"line":17,"column":1}},"1":{"start":{"line":1,"column":40},"end":{"line":null,"column":-1}},"2":{"start":{"line":1,"column":40},"end":{"line":1,"column":null}},"3":{"start":{"line":1,"column":35},"end":{"line":1,"column":40}},"4":{"start":{"line":1,"column":28},"end":{"line":1,"column":40}},"5":{"start":{"line":2,"column":23},"end":{"line":2,"column":33}},"6":{"start":{"line":3,"column":2},"end":{"line":14,"column":null}},"7":{"start":{"line":3,"column":15},"end":{"line":3,"column":16}},"8":{"start":{"line":4,"column":4},"end":{"line":6,"column":null}},"9":{"start":{"line":5,"column":6},"end":{"line":5,"column":null}},"10":{"start":{"line":8,"column":20},"end":{"line":8,"column":30}},"11":{"start":{"line":9,"column":4},"end":{"line":13,"column":null}},"12":{"start":{"line":9,"column":4},"end":{"line":9,"column":9}},"13":{"start":{"line":9,"column":31},"end":{"line":9,"column":54}},"14":{"start":{"line":9,"column":9},"end":{"line":9,"column":16}},"15":{"start":{"line":9,"column":19},"end":{"line":9,"column":21}},"16":{"start":{"line":9,"column":26},"end":{"line":9,"column":31}},"17":{"start":{"line":10,"column":6},"end":{"line":12,"column":null}},"18":{"start":{"line":11,"column":8},"end":{"line":11,"column":null}},"19":{"start":{"line":16,"column":2},"end":{"line":16,"column":null}}},"fnMap":{"0":{"name":"assignIfDefined","decl":{"start":{"line":1,"column":6},"end":{"line":1,"column":21}},"loc":{"start":{"line":1,"column":40},"end":{"line":17,"column":1}}}},"branchMap":{"0":{"loc":{"start":{"line":4,"column":4},"end":{"line":6,"column":null}},"type":"if","locations":[{"start":{"line":4,"column":4},"end":{"line":6,"column":null}}]},"1":{"loc":{"start":{"line":4,"column":8},"end":{"line":4,"column":55}},"type":"binary-expr","locations":[{"start":{"line":4,"column":8},"end":{"line":4,"column":32}},{"start":{"line":4,"column":36},"end":{"line":4,"column":55}}]},"2":{"loc":{"start":{"line":10,"column":6},"end":{"line":12,"column":null}},"type":"if","locations":[{"start":{"line":10,"column":6},"end":{"line":12,"column":null}}]}},"s":{"0":2,"1":2,"2":2,"3":4,"4":6,"5":2,"6":2,"7":2,"8":4,"9":0,"10":4,"11":4,"12":4,"13":4,"14":8,"15":8,"16":8,"17":8,"18":6,"19":2},"f":{"0":2},"b":{"0":[0],"1":[4,4],"2":[6]}}
,"/Users/zane/playground/magic-print/src/lib/magic-print.mjs": {"path":"/Users/zane/playground/magic-print/src/lib/magic-print.mjs","statementMap":{"0":{"start":{"line":1,"column":0},"end":{"line":1,"column":null}},"1":{"start":{"line":2,"column":0},"end":{"line":2,"column":null}},"2":{"start":{"line":3,"column":0},"end":{"line":3,"column":null}},"3":{"start":{"line":5,"column":0},"end":{"line":5,"column":null}},"4":{"start":{"line":7,"column":0},"end":{"line":7,"column":null}},"5":{"start":{"line":8,"column":0},"end":{"line":8,"column":null}},"6":{"start":{"line":10,"column":16},"end":{"line":18,"column":1}},"7":{"start":{"line":10,"column":27},"end":{"line":10,"column":32}},"8":{"start":{"line":11,"column":21},"end":{"line":13,"column":3}},"9":{"start":{"line":11,"column":37},"end":{"line":null,"column":-1}},"10":{"start":{"line":11,"column":37},"end":{"line":11,"column":null}},"11":{"start":{"line":11,"column":32},"end":{"line":11,"column":37}},"12":{"start":{"line":11,"column":25},"end":{"line":11,"column":37}},"13":{"start":{"line":12,"column":4},"end":{"line":12,"column":null}},"14":{"start":{"line":15,"column":2},"end":{"line":15,"column":null}},"15":{"start":{"line":17,"column":2},"end":{"line":17,"column":null}},"16":{"start":{"line":20,"column":14},"end":{"line":62,"column":1}},"17":{"start":{"line":21,"column":25},"end":{"line":21,"column":38}},"18":{"start":{"line":21,"column":38},"end":{"line":20,"column":39}},"19":{"start":{"line":21,"column":38},"end":{"line":21,"column":null}},"20":{"start":{"line":20,"column":34},"end":{"line":20,"column":39}},"21":{"start":{"line":20,"column":27},"end":{"line":20,"column":39}},"22":{"start":{"line":22,"column":2},"end":{"line":28,"column":null}},"23":{"start":{"line":23,"column":23},"end":{"line":23,"column":50}},"24":{"start":{"line":24,"column":4},"end":{"line":27,"column":null}},"25":{"start":{"line":25,"column":30},"end":{"line":25,"column":43}},"26":{"start":{"line":26,"column":6},"end":{"line":26,"column":null}},"27":{"start":{"line":39,"column":6},"end":{"line":39,"column":22}},"28":{"start":{"line":32,"column":10},"end":{"line":32,"column":9}},"29":{"start":{"line":32,"column":10},"end":{"line":33,"column":11}},"30":{"start":{"line":33,"column":11},"end":{"line":33,"column":null}},"31":{"start":{"line":33,"column":19},"end":{"line":34,"column":7}},"32":{"start":{"line":34,"column":7},"end":{"line":34,"column":null}},"33":{"start":{"line":34,"column":24},"end":{"line":36,"column":13}},"34":{"start":{"line":36,"column":13},"end":{"line":36,"column":null}},"35":{"start":{"line":36,"column":20},"end":{"line":38,"column":9}},"36":{"start":{"line":38,"column":9},"end":{"line":38,"column":null}},"37":{"start":{"line":41,"column":14},"end":{"line":41,"column":18}},"38":{"start":{"line":42,"column":2},"end":{"line":61,"column":null}},"39":{"start":{"line":42,"column":2},"end":{"line":42,"column":7}},"40":{"start":{"line":42,"column":23},"end":{"line":42,"column":30}},"41":{"start":{"line":42,"column":19},"end":{"line":42,"column":23}},"42":{"start":{"line":43,"column":4},"end":{"line":45,"column":null}},"43":{"start":{"line":44,"column":6},"end":{"line":44,"column":null}},"44":{"start":{"line":47,"column":4},"end":{"line":58,"column":null}},"45":{"start":{"line":48,"column":6},"end":{"line":55,"column":null}},"46":{"start":{"line":49,"column":8},"end":{"line":49,"column":null}},"47":{"start":{"line":51,"column":27},"end":{"line":53,"column":17}},"48":{"start":{"line":54,"column":8},"end":{"line":54,"column":null}},"49":{"start":{"line":57,"column":6},"end":{"line":57,"column":null}},"50":{"start":{"line":60,"column":4},"end":{"line":60,"column":null}}},"fnMap":{"0":{"name":"getPrinter","decl":{"start":{"line":10,"column":6},"end":{"line":10,"column":16}},"loc":{"start":{"line":10,"column":37},"end":{"line":18,"column":1}}},"1":{"name":"boundPrint","decl":{"start":{"line":11,"column":8},"end":{"line":11,"column":18}},"loc":{"start":{"line":11,"column":37},"end":{"line":13,"column":3}}},"2":{"name":"print","decl":{"start":{"line":20,"column":6},"end":{"line":20,"column":11}},"loc":{"start":{"line":20,"column":39},"end":{"line":62,"column":1}}}},"branchMap":{"0":{"loc":{"start":{"line":10,"column":27},"end":{"line":10,"column":32}},"type":"cond-expr","locations":[{"start":{"line":10,"column":27},"end":{"line":10,"column":30}},{"start":{"line":10,"column":30},"end":{"line":10,"column":32}}]},"1":{"loc":{"start":{"line":10,"column":27},"end":{"line":10,"column":30}},"type":"binary-expr","locations":[{"start":{"line":10,"column":27},"end":{"line":10,"column":30}},{"start":{"line":10,"column":27},"end":{"line":10,"column":30}}]},"2":{"loc":{"start":{"line":15,"column":21},"end":{"line":15,"column":40}},"type":"binary-expr","locations":[{"start":{"line":15,"column":21},"end":{"line":15,"column":34}},{"start":{"line":15,"column":38},"end":{"line":15,"column":40}}]},"3":{"loc":{"start":{"line":21,"column":25},"end":{"line":21,"column":38}},"type":"binary-expr","locations":[{"start":{"line":21,"column":25},"end":{"line":21,"column":32}},{"start":{"line":21,"column":36},"end":{"line":21,"column":38}}]},"4":{"loc":{"start":{"line":20,"column":34},"end":{"line":20,"column":39}},"type":"cond-expr","locations":[{"start":{"line":20,"column":34},"end":{"line":20,"column":39}},{"start":{"line":20,"column":34},"end":{"line":20,"column":39}}]},"5":{"loc":{"start":{"line":22,"column":2},"end":{"line":28,"column":null}},"type":"if","locations":[{"start":{"line":22,"column":2},"end":{"line":28,"column":null}}]},"6":{"loc":{"start":{"line":24,"column":4},"end":{"line":27,"column":null}},"type":"if","locations":[{"start":{"line":24,"column":4},"end":{"line":27,"column":null}}]},"7":{"loc":{"start":{"line":33,"column":11},"end":{"line":33,"column":null}},"type":"cond-expr","locations":[{"start":{"line":33,"column":14},"end":{"line":33,"column":19}},{"start":{"line":33,"column":19},"end":{"line":33,"column":null}}]},"8":{"loc":{"start":{"line":34,"column":7},"end":{"line":34,"column":null}},"type":"cond-expr","locations":[{"start":{"line":34,"column":10},"end":{"line":34,"column":24}},{"start":{"line":34,"column":24},"end":{"line":34,"column":null}}]},"9":{"loc":{"start":{"line":36,"column":13},"end":{"line":36,"column":null}},"type":"cond-expr","locations":[{"start":{"line":36,"column":16},"end":{"line":36,"column":20}},{"start":{"line":36,"column":20},"end":{"line":36,"column":null}}]},"10":{"loc":{"start":{"line":38,"column":9},"end":{"line":38,"column":null}},"type":"cond-expr","locations":[{"start":{"line":38,"column":12},"end":{"line":38,"column":14}},{"start":{"line":38,"column":14},"end":{"line":38,"column":null}}]},"11":{"loc":{"start":{"line":43,"column":4},"end":{"line":45,"column":null}},"type":"if","locations":[{"start":{"line":43,"column":4},"end":{"line":45,"column":null}}]},"12":{"loc":{"start":{"line":47,"column":4},"end":{"line":58,"column":null}},"type":"if","locations":[{"start":{"line":47,"column":4},"end":{"line":58,"column":null}},{"start":{"line":56,"column":11},"end":{"line":58,"column":null}}]},"13":{"loc":{"start":{"line":48,"column":6},"end":{"line":55,"column":null}},"type":"if","locations":[{"start":{"line":48,"column":6},"end":{"line":55,"column":null}},{"start":{"line":50,"column":13},"end":{"line":55,"column":null}}]}},"s":{"0":1,"1":1,"2":1,"3":1,"4":1,"5":1,"6":1,"7":1,"8":1,"9":1,"10":1,"11":2,"12":1,"13":1,"14":1,"15":1,"16":1,"17":1,"18":1,"19":1,"20":2,"21":1,"22":1,"23":0,"24":0,"25":0,"26":0,"27":1,"28":1,"29":1,"30":1,"31":1,"32":1,"33":1,"34":1,"35":1,"36":1,"37":1,"38":1,"39":1,"40":1,"41":1,"42":1,"43":0,"44":1,"45":0,"46":0,"47":0,"48":0,"49":1,"50":1},"f":{"0":1,"1":1,"2":1},"b":{"0":[1,0],"1":[1,1],"2":[1,1],"3":[1,0],"4":[1,0],"5":[0],"6":[0],"7":[1,0],"8":[0,1],"9":[1,0],"10":[1,0],"11":[0],"12":[0,1],"13":[0,0]}}
,"/Users/zane/playground/magic-print/src/lib/string-out.mjs": {"path":"/Users/zane/playground/magic-print/src/lib/string-out.mjs","statementMap":{"0":{"start":{"line":1,"column":15},"end":{"line":10,"column":null}},"1":{"start":{"line":1,"column":15},"end":{"line":1,"column":null}},"2":{"start":{"line":1,"column":15},"end":{"line":2,"column":null}},"3":{"start":{"line":2,"column":14},"end":{"line":10,"column":null}},"4":{"start":{"line":5,"column":4},"end":{"line":5,"column":null}},"5":{"start":{"line":9,"column":4},"end":{"line":9,"column":null}}},"fnMap":{"0":{"name":"(anonymous_0)","decl":{"start":{"line":1,"column":15},"end":{"line":1,"column":null}},"loc":{"start":{"line":1,"column":15},"end":{"line":10,"column":null}}},"1":{"name":"write","decl":{"start":{"line":4,"column":2},"end":{"line":4,"column":9}},"loc":{"start":{"line":4,"column":16},"end":{"line":6,"column":3}}},"2":{"name":"get","decl":{"start":{"line":8,"column":2},"end":{"line":8,"column":16}},"loc":{"start":{"line":8,"column":16},"end":{"line":10,"column":3}}}},"branchMap":{},"s":{"0":1,"1":1,"2":1,"3":1,"4":1,"5":1},"f":{"0":2,"1":1,"2":1},"b":{}}
,"/Users/zane/playground/magic-print/src/lib/lib/is-format-object.mjs": {"path":"/Users/zane/playground/magic-print/src/lib/lib/is-format-object.mjs","statementMap":{"0":{"start":{"line":1,"column":0},"end":{"line":1,"column":null}},"1":{"start":{"line":3,"column":20},"end":{"line":10,"column":1}},"2":{"start":{"line":4,"column":2},"end":{"line":6,"column":null}},"3":{"start":{"line":5,"column":4},"end":{"line":5,"column":null}},"4":{"start":{"line":8,"column":21},"end":{"line":8,"column":112}},"5":{"start":{"line":9,"column":2},"end":{"line":9,"column":null}}},"fnMap":{"0":{"name":"isFormatObject","decl":{"start":{"line":3,"column":6},"end":{"line":3,"column":20}},"loc":{"start":{"line":3,"column":32},"end":{"line":10,"column":1}}}},"branchMap":{"0":{"loc":{"start":{"line":4,"column":2},"end":{"line":6,"column":null}},"type":"if","locations":[{"start":{"line":4,"column":2},"end":{"line":6,"column":null}}]}},"s":{"0":2,"1":2,"2":3,"3":0,"4":3,"5":3},"f":{"0":3},"b":{"0":[0]}}
}
