{"/Users/zane/playground/magic-print/src/lib/magic-print.mjs": {"path":"/Users/zane/playground/magic-print/src/lib/magic-print.mjs","statementMap":{"0":{"start":{"line":1,"column":0},"end":{"line":1,"column":null}},"1":{"start":{"line":2,"column":0},"end":{"line":2,"column":null}},"2":{"start":{"line":3,"column":0},"end":{"line":3,"column":null}},"3":{"start":{"line":5,"column":0},"end":{"line":5,"column":null}},"4":{"start":{"line":7,"column":16},"end":{"line":11,"column":1}},"5":{"start":{"line":8,"column":2},"end":{"line":10,"column":null}},"6":{"start":{"line":8,"column":25},"end":{"line":null,"column":-1}},"7":{"start":{"line":8,"column":25},"end":{"line":8,"column":null}},"8":{"start":{"line":8,"column":20},"end":{"line":8,"column":25}},"9":{"start":{"line":8,"column":13},"end":{"line":8,"column":25}},"10":{"start":{"line":9,"column":4},"end":{"line":9,"column":null}},"11":{"start":{"line":13,"column":14},"end":{"line":52,"column":1}},"12":{"start":{"line":14,"column":25},"end":{"line":14,"column":38}},"13":{"start":{"line":14,"column":38},"end":{"line":13,"column":39}},"14":{"start":{"line":14,"column":38},"end":{"line":14,"column":null}},"15":{"start":{"line":13,"column":34},"end":{"line":13,"column":39}},"16":{"start":{"line":13,"column":27},"end":{"line":13,"column":39}},"17":{"start":{"line":15,"column":2},"end":{"line":21,"column":null}},"18":{"start":{"line":16,"column":23},"end":{"line":16,"column":50}},"19":{"start":{"line":17,"column":4},"end":{"line":20,"column":null}},"20":{"start":{"line":18,"column":30},"end":{"line":18,"column":43}},"21":{"start":{"line":19,"column":6},"end":{"line":19,"column":null}},"22":{"start":{"line":32,"column":6},"end":{"line":32,"column":22}},"23":{"start":{"line":25,"column":10},"end":{"line":25,"column":9}},"24":{"start":{"line":25,"column":10},"end":{"line":26,"column":11}},"25":{"start":{"line":26,"column":11},"end":{"line":26,"column":null}},"26":{"start":{"line":26,"column":19},"end":{"line":27,"column":7}},"27":{"start":{"line":27,"column":7},"end":{"line":27,"column":null}},"28":{"start":{"line":27,"column":24},"end":{"line":29,"column":13}},"29":{"start":{"line":29,"column":13},"end":{"line":29,"column":null}},"30":{"start":{"line":29,"column":20},"end":{"line":31,"column":9}},"31":{"start":{"line":31,"column":9},"end":{"line":31,"column":null}},"32":{"start":{"line":34,"column":14},"end":{"line":34,"column":18}},"33":{"start":{"line":35,"column":2},"end":{"line":51,"column":null}},"34":{"start":{"line":35,"column":2},"end":{"line":35,"column":7}},"35":{"start":{"line":35,"column":23},"end":{"line":35,"column":30}},"36":{"start":{"line":35,"column":19},"end":{"line":35,"column":23}},"37":{"start":{"line":36,"column":4},"end":{"line":38,"column":null}},"38":{"start":{"line":37,"column":6},"end":{"line":37,"column":null}},"39":{"start":{"line":40,"column":4},"end":{"line":48,"column":null}},"40":{"start":{"line":41,"column":6},"end":{"line":45,"column":null}},"41":{"start":{"line":42,"column":8},"end":{"line":42,"column":null}},"42":{"start":{"line":44,"column":8},"end":{"line":44,"column":null}},"43":{"start":{"line":47,"column":6},"end":{"line":47,"column":null}},"44":{"start":{"line":50,"column":4},"end":{"line":50,"column":null}}},"fnMap":{"0":{"name":"getPrinter","decl":{"start":{"line":7,"column":6},"end":{"line":7,"column":16}},"loc":{"start":{"line":7,"column":32},"end":{"line":11,"column":1}}},"1":{"name":"(anonymous_1)","decl":{"start":{"line":8,"column":9},"end":{"line":8,"column":13}},"loc":{"start":{"line":8,"column":25},"end":{"line":10,"column":3}}},"2":{"name":"print","decl":{"start":{"line":13,"column":6},"end":{"line":13,"column":11}},"loc":{"start":{"line":13,"column":39},"end":{"line":52,"column":1}}}},"branchMap":{"0":{"loc":{"start":{"line":14,"column":25},"end":{"line":14,"column":38}},"type":"binary-expr","locations":[{"start":{"line":14,"column":25},"end":{"line":14,"column":32}},{"start":{"line":14,"column":36},"end":{"line":14,"column":38}}]},"1":{"loc":{"start":{"line":13,"column":34},"end":{"line":13,"column":39}},"type":"cond-expr","locations":[{"start":{"line":13,"column":34},"end":{"line":13,"column":39}},{"start":{"line":13,"column":34},"end":{"line":13,"column":39}}]},"2":{"loc":{"start":{"line":15,"column":2},"end":{"line":21,"column":null}},"type":"if","locations":[{"start":{"line":15,"column":2},"end":{"line":21,"column":null}}]},"3":{"loc":{"start":{"line":17,"column":4},"end":{"line":20,"column":null}},"type":"if","locations":[{"start":{"line":17,"column":4},"end":{"line":20,"column":null}}]},"4":{"loc":{"start":{"line":17,"column":8},"end":{"line":17,"column":81}},"type":"binary-expr","locations":[{"start":{"line":17,"column":8},"end":{"line":17,"column":38}},{"start":{"line":17,"column":42},"end":{"line":17,"column":81}}]},"5":{"loc":{"start":{"line":26,"column":11},"end":{"line":26,"column":null}},"type":"cond-expr","locations":[{"start":{"line":26,"column":14},"end":{"line":26,"column":19}},{"start":{"line":26,"column":19},"end":{"line":26,"column":null}}]},"6":{"loc":{"start":{"line":27,"column":7},"end":{"line":27,"column":null}},"type":"cond-expr","locations":[{"start":{"line":27,"column":10},"end":{"line":27,"column":24}},{"start":{"line":27,"column":24},"end":{"line":27,"column":null}}]},"7":{"loc":{"start":{"line":29,"column":13},"end":{"line":29,"column":null}},"type":"cond-expr","locations":[{"start":{"line":29,"column":16},"end":{"line":29,"column":20}},{"start":{"line":29,"column":20},"end":{"line":29,"column":null}}]},"8":{"loc":{"start":{"line":31,"column":9},"end":{"line":31,"column":null}},"type":"cond-expr","locations":[{"start":{"line":31,"column":12},"end":{"line":31,"column":14}},{"start":{"line":31,"column":14},"end":{"line":31,"column":null}}]},"9":{"loc":{"start":{"line":36,"column":4},"end":{"line":38,"column":null}},"type":"if","locations":[{"start":{"line":36,"column":4},"end":{"line":38,"column":null}}]},"10":{"loc":{"start":{"line":40,"column":4},"end":{"line":48,"column":null}},"type":"if","locations":[{"start":{"line":40,"column":4},"end":{"line":48,"column":null}},{"start":{"line":46,"column":11},"end":{"line":48,"column":null}}]},"11":{"loc":{"start":{"line":41,"column":6},"end":{"line":45,"column":null}},"type":"if","locations":[{"start":{"line":41,"column":6},"end":{"line":45,"column":null}},{"start":{"line":43,"column":13},"end":{"line":45,"column":null}}]}},"s":{"0":1,"1":1,"2":1,"3":1,"4":1,"5":1,"6":1,"7":1,"8":2,"9":1,"10":1,"11":1,"12":1,"13":1,"14":1,"15":2,"16":1,"17":1,"18":0,"19":0,"20":0,"21":0,"22":1,"23":1,"24":1,"25":1,"26":1,"27":1,"28":1,"29":1,"30":1,"31":1,"32":1,"33":1,"34":1,"35":1,"36":1,"37":1,"38":0,"39":1,"40":0,"41":0,"42":0,"43":1,"44":1},"f":{"0":1,"1":1,"2":1},"b":{"0":[1,0],"1":[1,0],"2":[0],"3":[0],"4":[0,0],"5":[1,0],"6":[0,1],"7":[1,0],"8":[1,0],"9":[0],"10":[0,1],"11":[0,0]}}
,"/Users/zane/playground/magic-print/src/lib/string-out.mjs": {"path":"/Users/zane/playground/magic-print/src/lib/string-out.mjs","statementMap":{"0":{"start":{"line":1,"column":15},"end":{"line":10,"column":null}},"1":{"start":{"line":1,"column":15},"end":{"line":1,"column":null}},"2":{"start":{"line":1,"column":15},"end":{"line":2,"column":null}},"3":{"start":{"line":2,"column":14},"end":{"line":10,"column":null}},"4":{"start":{"line":5,"column":4},"end":{"line":5,"column":null}},"5":{"start":{"line":9,"column":4},"end":{"line":9,"column":null}}},"fnMap":{"0":{"name":"(anonymous_0)","decl":{"start":{"line":1,"column":15},"end":{"line":1,"column":null}},"loc":{"start":{"line":1,"column":15},"end":{"line":10,"column":null}}},"1":{"name":"write","decl":{"start":{"line":4,"column":2},"end":{"line":4,"column":9}},"loc":{"start":{"line":4,"column":16},"end":{"line":6,"column":3}}},"2":{"name":"get","decl":{"start":{"line":8,"column":2},"end":{"line":8,"column":16}},"loc":{"start":{"line":8,"column":16},"end":{"line":10,"column":3}}}},"branchMap":{},"s":{"0":1,"1":1,"2":1,"3":1,"4":1,"5":1},"f":{"0":2,"1":1,"2":1},"b":{}}
}
